0 info it worked if it ends with ok
1 verbose cli [ '/home/ubuntu/.nvm/v0.10.35/bin/node',
1 verbose cli   '/home/ubuntu/.nvm/v0.10.35/bin/npm',
1 verbose cli   'install' ]
2 info using npm@1.4.28
3 info using node@v0.10.35
4 warn package.json myApp@0.0.1 No description
5 warn package.json myApp@0.0.1 No repository field.
6 warn package.json myApp@0.0.1 No README data
7 verbose readDependencies using package.json deps
8 verbose install where, deps [ '/home/ubuntu/workspace', [ 'express', 'socket.io' ] ]
9 info preinstall myApp@0.0.1
10 verbose readDependencies using package.json deps
11 verbose already installed skipping express@4.x /home/ubuntu/workspace
12 verbose cache add [ 'socket.io@socket.io-1.3.4.js', null ]
13 verbose cache add name=undefined spec="socket.io@socket.io-1.3.4.js" args=["socket.io@socket.io-1.3.4.js",null]
14 verbose parsed url { protocol: null,
14 verbose parsed url   slashes: null,
14 verbose parsed url   auth: null,
14 verbose parsed url   host: null,
14 verbose parsed url   port: null,
14 verbose parsed url   hostname: null,
14 verbose parsed url   hash: null,
14 verbose parsed url   search: null,
14 verbose parsed url   query: null,
14 verbose parsed url   pathname: 'socket.io@socket.io-1.3.4.js',
14 verbose parsed url   path: 'socket.io@socket.io-1.3.4.js',
14 verbose parsed url   href: 'socket.io@socket.io-1.3.4.js' }
15 verbose cache add name="socket.io" spec="socket.io-1.3.4.js" args=["socket.io","socket.io-1.3.4.js"]
16 verbose parsed url { protocol: null,
16 verbose parsed url   slashes: null,
16 verbose parsed url   auth: null,
16 verbose parsed url   host: null,
16 verbose parsed url   port: null,
16 verbose parsed url   hostname: null,
16 verbose parsed url   hash: null,
16 verbose parsed url   search: null,
16 verbose parsed url   query: null,
16 verbose parsed url   pathname: 'socket.io-1.3.4.js',
16 verbose parsed url   path: 'socket.io-1.3.4.js',
16 verbose parsed url   href: 'socket.io-1.3.4.js' }
17 verbose addNamed [ 'socket.io', 'socket.io-1.3.4.js' ]
18 verbose addNamed [ null, null ]
19 silly lockFile 02e2e21e-socket-io-socket-io-1-3-4-js socket.io@socket.io-1.3.4.js
20 verbose lock socket.io@socket.io-1.3.4.js /home/ubuntu/.npm/02e2e21e-socket-io-socket-io-1-3-4-js.lock
21 info addNameTag [ 'socket.io', 'socket.io-1.3.4.js' ]
22 verbose request where is /socket.io
23 verbose request registry https://registry.npmjs.org/
24 verbose request id ae742009eb2a71ad
25 verbose url raw /socket.io
26 verbose url resolving [ 'https://registry.npmjs.org/', './socket.io' ]
27 verbose url resolved https://registry.npmjs.org/socket.io
28 verbose request where is https://registry.npmjs.org/socket.io
29 info trying registry request attempt 1 at 22:41:49
30 http GET https://registry.npmjs.org/socket.io
31 http 200 https://registry.npmjs.org/socket.io
32 silly registry.get cb [ 200,
32 silly registry.get   { date: 'Wed, 25 Feb 2015 22:41:49 GMT',
32 silly registry.get     server: 'CouchDB/1.5.0 (Erlang OTP/R16B03)',
32 silly registry.get     etag: '"1YGCCPJULP847HXKYZN6NI96A"',
32 silly registry.get     'content-type': 'application/json',
32 silly registry.get     'cache-control': 'max-age=60',
32 silly registry.get     'content-length': '110706',
32 silly registry.get     'accept-ranges': 'bytes',
32 silly registry.get     via: '1.1 varnish',
32 silly registry.get     age: '25',
32 silly registry.get     'x-served-by': 'cache-lhr6329-LHR',
32 silly registry.get     'x-cache': 'HIT',
32 silly registry.get     'x-cache-hits': '1',
32 silly registry.get     'x-timer': 'S1424904109.636510,VS0,VE1',
32 silly registry.get     vary: 'Accept',
32 silly registry.get     'keep-alive': 'timeout=10, max=50',
32 silly registry.get     connection: 'Keep-Alive' } ]
33 silly lockFile 02e2e21e-socket-io-socket-io-1-3-4-js socket.io@socket.io-1.3.4.js
34 silly lockFile 02e2e21e-socket-io-socket-io-1-3-4-js socket.io@socket.io-1.3.4.js
35 error notarget No compatible version found: socket.io@'socket.io-1.3.4.js'
35 error notarget Valid install targets:
35 error notarget ["0.3.8","0.4.0","0.4.1","0.5.1","0.5.3","0.6.0","0.6.1","0.6.3","0.6.4","0.6.5","0.6.6","0.6.7","0.6.8","0.6.9","0.6.10","0.6.11","0.6.12","0.6.14","0.6.15","0.6.16","0.6.17","0.6.18","0.7.0","0.7.1","0.7.2","0.7.3","0.7.4","0.7.5","0.7.6","0.7.7","0.7.8","0.7.9","0.7.10","0.7.11","0.8.0","0.8.1","0.8.2","0.8.3","0.8.4","0.8.5","0.8.6","0.8.7","0.9.0","0.9.1","0.9.1-1","0.9.2","0.9.3","0.9.4","0.9.5","0.9.6","0.9.7","0.9.8","0.9.9","0.9.10","0.9.11","0.9.12","0.9.13","0.9.14","0.9.15","0.9.16","1.0.0-pre","1.0.0-pre2","1.0.0-pre3","1.0.0-pre4","1.0.0-pre5","0.9.17","1.0.0","1.0.1","1.0.2","1.0.3","1.0.4","1.0.5","1.0.6","1.1.0","1.2.0","1.2.1","1.3.0","1.3.1","1.3.2","1.3.3","1.3.4"]
35 error notarget
35 error notarget This is most likely not a problem with npm itself.
35 error notarget In most cases you or one of your dependencies are requesting
35 error notarget a package version that doesn't exist.
36 error System Linux 3.14.13-c9
37 error command "/home/ubuntu/.nvm/v0.10.35/bin/node" "/home/ubuntu/.nvm/v0.10.35/bin/npm" "install"
38 error cwd /home/ubuntu/workspace/heroku-client/bin
39 error node -v v0.10.35
40 error npm -v 1.4.28
41 error code ETARGET
42 verbose exit [ 1, true ]
